#
# A fatal error has been detected by the Java Runtime Environment:
#
#  EXCEPTION_ACCESS_VIOLATION (0xc0000005) at pc=0x000001d100593536, pid=4576, tid=16352
#
# JRE version: OpenJDK Runtime Environment (23.0.1+11) (build 23.0.1+11-39)
# Java VM: OpenJDK 64-Bit Server VM (23.0.1+11-39, mixed mode, emulated-client, sharing, tiered, compressed oops, compressed class ptrs, g1 gc, windows-amd64)
# Problematic frame:
# J 2365 c1 java.nio.ByteBuffer.position(I)Ljava/nio/Buffer; java.base@23.0.1 (6 bytes) @ 0x000001d100593536 [0x000001d100593520+0x0000000000000016]
#
# No core dump will be written. Minidumps are not enabled by default on client versions of Windows
#
# If you would like to submit a bug report, please visit:
#   https://bugreport.java.com/bugreport/crash.jsp
#

---------------  S U M M A R Y ------------

Command Line: -XX:TieredStopAtLevel=1 -Dspring.output.ansi.enabled=always -Dcom.sun.management.jmxremote -Dspring.jmx.enabled=true -Dspring.liveBeansView.mbeanDomain -Dspring.application.admin.enabled=true -Dmanagement.endpoints.jmx.exposure.include=* -javaagent:C:\Program Files\JetBrains\IntelliJ IDEA 2024.1.4\lib\idea_rt.jar=57215:C:\Program Files\JetBrains\IntelliJ IDEA 2024.1.4\bin -Dfile.encoding=UTF-8 -Dsun.stdout.encoding=UTF-8 -Dsun.stderr.encoding=UTF-8 bg.softuni.My_Inventory.MyInventoryApplication

Host: Intel(R) Core(TM) i7-4790 CPU @ 3.60GHz, 8 cores, 31G,  Windows 10 , 64 bit Build 19041 (10.0.19041.5915)
Time: Thu Nov 20 20:04:04 2025 FLE Standard Time elapsed time: 76346.642932 seconds (0d 21h 12m 26s)

---------------  T H R E A D  ---------------

Current thread (0x000001d155952010):  JavaThread "http-nio-8080-exec-9" daemon [_thread_in_Java, id=16352, stack(0x0000006a43000000,0x0000006a43100000) (1024K)]

Stack: [0x0000006a43000000,0x0000006a43100000],  sp=0x0000006a430fe8e8,  free space=1018k
Native frames: (J=compiled Java code, j=interpreted, Vv=VM code, C=native code)
C  0x000001d100593536  (no source info available)

The last pc belongs to nmethod (printed below).

siginfo: EXCEPTION_ACCESS_VIOLATION (0xc0000005), reading address 0x000000d153c986f0


Registers:
RAX=0x000000d153c986e8, RBX=0x0000000603d3a7a8, RCX=0x0000000000000001, RDX=0x0000000603d3b438
RSP=0x0000006a430fe8e8, RBP=0x0000006a430fec08, RSI=0x0000000000000001, RDI=0x0000000000000001
R8 =0x0000000000000001, R9 =0x0000000603d3a768, R10=0x00000000002b6218, R11=0x0000000000000016
R12=0x0000000000000000, R13=0x0000000000000001, R14=0x0000006a430fec40, R15=0x000001d155952010
RIP=0x000001d100593536, EFLAGS=0x0000000000010202


Register to memory mapping:

RAX=0x000000d153c986e8 is an unknown value
RBX=0x0000000603d3a7a8 is an oop: [B 
{0x0000000603d3a7a8} - klass: {type array byte}
 - length: 44
 -   0: 2f /
 -   1: 6c l
 -   2: 6f o
 -   3: 67 g
 -   4: 69 i
 -   5: 6e n
 -   6: 6f o
 -   7: 6e n
 -   8: 2e .
 -   9: 69 i
 -  10: 63 c
 -  11: 6f o
 -  12: 78 x
 -  13: 2d -
 -  14: 70 p
 -  15: 61 a
 -  16: 67 g
 -  17: 65 e
 -  18: 2e .
 -  19: 70 p
 -  20: 6e n
 -  21: 67 g
 -  22: 0  
 -  23: 0  
 -  24: 0  
 -  25: 0  
 -  26: 0  
 -  27: 0  
 -  28: 0  
 -  29: 0  
 -  30: 0  
 -  31: 0  
 -  32: 0  
 -  33: 0  
 -  34: 0  
 -  35: 0  
 -  36: 0  
 -  37: 0  
 -  38: 0  
 -  39: 0  
 -  40: 0  
 -  41: 0  
 -  42: 0  
 -  43: 0  
RCX=0x0000000000000001 is an unknown value
RDX=0x0000000603d3b438 is an oop: java.nio.HeapByteBuffer 
{0x0000000603d3b438} - klass: 'java/nio/HeapByteBuffer'
 - ---- fields (total size 7 words):
 - private 'mark' 'I' @12  -1 (0xffffffff)
 - 'address' 'J' @16  16 (0x0000000000000010)
 - private 'position' 'I' @24  0 (0x00000000)
 - private 'limit' 'I' @28  1 (0x00000001)
 - private final 'capacity' 'I' @32  44 (0x0000002c)
 - final 'segment' 'Ljava/lang/foreign/MemorySegment;' @36  null (0x00000000)
 - final 'offset' 'I' @40  0 (0x00000000)
 - 'isReadOnly' 'Z' @44  false (0x00)
 - 'bigEndian' 'Z' @45  true (0x01)
 - 'nativeByteOrder' 'Z' @46  false (0x00)
 - final 'hb' '[B' @48  [B{0x0000000603d3a7a8} (0xc07a74f5)
RSP=0x0000006a430fe8e8 is pointing into the stack for thread: 0x000001d155952010
RBP=0x0000006a430fec08 is pointing into the stack for thread: 0x000001d155952010
RSI=0x0000000000000001 is an unknown value
RDI=0x0000000000000001 is an unknown value
R8 =0x0000000000000001 is an unknown value
R9 =0x0000000603d3a768 is an oop: [C 
{0x0000000603d3a768} - klass: {type array char}
 - length: 22
 -   0: 2f /
 -   1: 6c l
 -   2: 6f o
 -   3: 67 g
 -   4: 69 i
 -   5: 6e n
 -   6: 6f o
 -   7: 6e n
 -   8: 2e .
 -   9: 69 i
 -  10: 63 c
 -  11: 6f o
 -  12: 78 x
 -  13: 2d -
 -  14: 70 p
 -  15: 61 a
 -  16: 67 g
 -  17: 65 e
 -  18: 2e .
 -  19: 70 p
 -  20: 6e n
 -  21: 67 g
R10=2843160 is a compressed pointer to class: 0x000001d10e2b6218
java.nio.HeapByteBuffer {0x000001d10e2b6220}
 - instance size:     7
 - klass size:        150
 - access:            synchronized 
 - flags:             rewritten has_nonstatic_fields is_shared_boot_class has_localvariable_table 
 - state:             fully_initialized
 - name:              'java/nio/HeapByteBuffer'
 - super:             'java/nio/ByteBuffer'
 - sub:               
 - arrays:            null
 - methods:           Array<T>(0x000001d10e959350)
 - method ordering:   Array<T>(0x000001d10e6a1b18)
 - local interfaces:  Array<T>(0x000001d10e665d60)
 - trans. interfaces: Array<T>(0x000001d10e801490)
 - secondary supers: Array<T>(0x000001d10e801490)
 - hash_slot:         57
 - bitmap:            0x0000000000001000
 - constants:         constant pool [360] {0x000001d10e956c60} for 'java/nio/HeapByteBuffer' cache=0x000001d10e2b6720
 - class loader data:  loader data: 0x000001d17f7f4f10 of 'bootstrap'
 - source file:       'HeapByteBuffer.java'
 - class annotations:       Array<T>(0x0000000000000000)
 - class type annotations:  Array<T>(0x0000000000000000)
 - field annotations:       Array<T>(0x0000000000000000)
 - field type annotations:  Array<T>(0x0000000000000000)
 - inner classes:     Array<T>(0x000001d10e665d58)
 - nest members:     Array<T>(0x000001d10e665d58)
 - permitted subclasses:     Array<T>(0x000001d10e6a1c28)
 - java mirror:       a 'java/lang/Class'{0x0000000602007f68} = 'java/nio/HeapByteBuffer'
 - vtable length      85  (start addr: 0x000001d10e2b63e8)
 - itable length      5 (start addr: 0x000001d10e2b6690)
 - ---- static fields (3 words):
 - private static final 'ARRAY_BASE_OFFSET' 'J' @112 
 - private static final 'ARRAY_INDEX_SCALE' 'J' @120 
 - static final synthetic '$assertionsDisabled' 'Z' @128 
 - ---- non-static fields (10 words):
 - private 'mark' 'I' @12 
 - 'address' 'J' @16 
 - private 'position' 'I' @24 
 - private 'limit' 'I' @28 
 - private final 'capacity' 'I' @32 
 - final 'segment' 'Ljava/lang/foreign/MemorySegment;' @36 
 - final 'offset' 'I' @40 
 - 'isReadOnly' 'Z' @44 
 - 'bigEndian' 'Z' @45 
 - 'nativeByteOrder' 'Z' @46 
 - final 'hb' '[B' @48 
 - non-static oop maps: 36-36 48-48 
R11=0x0000000000000016 is an unknown value
R12=0x0 is null
R13=0x0000000000000001 is an unknown value
R14=0x0000006a430fec40 is pointing into the stack for thread: 0x000001d155952010
R15=0x000001d155952010 is a thread

Top of Stack: (sp=0x0000006a430fe8e8)
0x0000006a430fe8e8:   000001d100842c9c 0000000000000001
0x0000006a430fe8f8:   00007ffbf5aa4bae 00007ffbf632fbf8
0x0000006a430fe908:   00007ffbf632d018 000001d172b6e040
0x0000006a430fe918:   00007ffbf5aa4aeb 756e65470000000d
0x0000006a430fe928:   49656e696c65746e 000001d155952010
0x0000006a430fe938:   000001d100037809 000001d14f034208
0x0000006a430fe948:   0000000603d3b438 0000000000000001
0x0000006a430fe958:   0000006a430fec40 3ff0000000000000
0x0000006a430fe968:   0000000000000000 3ff0000000000000
0x0000006a430fe978:   0000000000000000 0000000000000000
0x0000006a430fe988:   0000000000000000 0000000000000000
0x0000006a430fe998:   0000000000000000 0000000000000000
0x0000006a430fe9a8:   0000000000000000 0000000603d3b400
0x0000006a430fe9b8:   0000000100000000 0000001600000000
0x0000006a430fe9c8:   0000000603d3a7a8 0000000603d3a768
0x0000006a430fe9d8:   0000000603d3b438 000001d100000001
0x0000006a430fe9e8:   0000006a430fec40 0000006a00000001
0x0000006a430fe9f8:   0000000000000000 000001d10083fde0
0x0000006a430fea08:   000001d10e000000 0000000603d3b400
0x0000006a430fea18:   0000000603d3b438 0000000000000001
0x0000006a430fea28:   0000000603d3b438 0000006a430fea68
0x0000006a430fea38:   0000006a430fec40 000001d14f034208
0x0000006a430fea48:   0000000602e487c8 0000006a430fea78
0x0000006a430fea58:   000001d10f0435b8 fffffffffffffff3
0x0000006a430fea68:   0000006a430fec08 0000006a430fec08
0x0000006a430fea78:   000001d100841394 0000006a430feab8
0x0000006a430fea88:   0000000000000000 000001d10e1ef450
0x0000006a430fea98:   0000000602e487c8 0000006a430feac8
0x0000006a430feaa8:   000001d10e1ef450 fffffffffffffff3
0x0000006a430feab8:   0000006a430fec08 0000006a430fec08
0x0000006a430feac8:   000001d10083feac 000001d155952010
0x0000006a430fead8:   0000006a430fec40 0000006a430febb0 

Instructions: (pc=0x000001d100593536)
0x000001d100593436:   00 00 d8 00 3b 00 01 00 00 00 00 00 00 00 00 00
0x000001d100593446:   00 00 0a 00 00 00 00 00 00 00 50 12 1f 0e d1 01
0x000001d100593456:   00 00 00 00 00 00 00 00 00 00 80 b1 65 53 d1 01
0x000001d100593466:   00 00 00 f8 59 53 d1 01 00 00 00 00 00 00 00 00
0x000001d100593476:   00 00 00 00 00 00 00 00 00 00 00 00 00 00 00 00
0x000001d100593486:   00 00 00 fb 59 53 d1 01 00 00 20 35 59 00 d1 01
0x000001d100593496:   00 00 12 00 20 00 ff ff ff ff 48 00 00 00 08 00
0x000001d1005934a6:   00 00 c0 01 00 00 d4 01 00 00 f4 01 00 00 ff ff
0x000001d1005934b6:   ff ff 2b 00 00 00 00 00 08 00 08 00 08 00 08 00
0x000001d1005934c6:   00 00 38 00 00 00 48 00 00 00 18 00 00 00 3d 09
0x000001d1005934d6:   00 00 01 01 02 04 00 00 00 00 1a 30 1c 31 0a 78
0x000001d1005934e6:   11 11 05 80 0d 58 0e 78 0e 40 11 31 27 31 09 00
0x000001d1005934f6:   01 7c c3 ff 05 28 00 60 0a 31 05 31 03 7c 33 f6
0x000001d100593506:   30 d5 fb 7f 05 38 0e 30 01 7c 32 ff 0d 48 0c 31
0x000001d100593516:   00 00 00 00 00 00 00 00 00 00 66 66 66 0f 1f 84
0x000001d100593526:   00 00 00 00 00 66 66 66 90 66 66 90 44 8b 52 08
0x000001d100593536:   44 3b 50 08 0f 85 a0 af ab ff 89 84 24 00 80 ff
0x000001d100593546:   ff 55 48 83 ec 20 41 81 7f 20 09 00 00 00 74 05
0x000001d100593556:   e8 e5 41 aa ff 66 90 48 b8 00 fb 59 53 d1 01 00
0x000001d100593566:   00 e8 c6 94 f3 ff 0f 1f 84 00 64 01 00 00 48 83
0x000001d100593576:   c4 20 5d 49 3b a7 48 04 00 00 0f 87 01 00 00 00
0x000001d100593586:   c3 49 ba 79 35 59 00 d1 01 00 00 4d 89 97 60 04
0x000001d100593596:   00 00 e9 43 1e ac ff 49 8b 87 00 05 00 00 49 c7
0x000001d1005935a6:   87 00 05 00 00 00 00 00 00 49 c7 87 08 05 00 00
0x000001d1005935b6:   00 00 00 00 48 83 c4 20 5d e9 1c 9a b6 ff f4 f4
0x000001d1005935c6:   f4 f4 0f 1f 44 00 00 48 bb 00 00 00 00 00 00 00
0x000001d1005935d6:   00 e9 fb ff ff ff e8 7f cb b6 ff 48 b9 30 d5 33
0x000001d1005935e6:   f6 fb 7f 00 00 48 83 e4 f0 48 b8 70 4a fa f5 fb
0x000001d1005935f6:   7f 00 00 ff d0 f4 49 ba fc 35 59 00 d1 01 00 00
0x000001d100593606:   41 52 e9 73 10 ac ff f4 f4 f4 50 12 1f 0e d1 01
0x000001d100593616:   00 00 00 00 00 00 00 00 00 00 00 00 00 00 00 00
0x000001d100593626:   00 00 00 00 00 00 00 00 00 00 00 00 00 00 00 00 


Stack slot to memory mapping:

stack at sp + 0 slots: 0x000001d100842c9c is at entry_point+4522 in (nmethod*)0x000001d100841488
Compiled method (c1) 76346808 4490       1       sun.nio.cs.UTF_8$Decoder::decodeArrayLoop (688 bytes)
 total in heap  [0x000001d100841488,0x000001d1008438a8] = 9248
 relocation     [0x000001d100841560,0x000001d100841ad0] = 1392
 main code      [0x000001d100841ae0,0x000001d100843358] = 6264
 stub code      [0x000001d100843358,0x000001d1008437e8] = 1168
 metadata       [0x000001d1008437e8,0x000001d1008438a8] = 192
 immutable data [0x000001d15425bfb0,0x000001d15425d058] = 4264
 dependencies   [0x000001d15425bfb0,0x000001d15425bfe8] = 56
 nul chk table  [0x000001d15425bfe8,0x000001d15425c070] = 136
 scopes pcs     [0x000001d15425c070,0x000001d15425c820] = 1968
 scopes data    [0x000001d15425c820,0x000001d15425d058] = 2104
stack at sp + 1 slots: 0x0000000000000001 is an unknown value
stack at sp + 2 slots: 0x00007ffbf5aa4bae jvm.dll
stack at sp + 3 slots: 0x00007ffbf632fbf8 jvm.dll
stack at sp + 4 slots: 0x00007ffbf632d018 jvm.dll
stack at sp + 5 slots: 0x000001d172b6e040 points into unknown readable memory: 0x00007ffbf632d018 | 18 d0 32 f6 fb 7f 00 00
stack at sp + 6 slots: 0x00007ffbf5aa4aeb jvm.dll
stack at sp + 7 slots: 0x756e65470000000d is an unknown value

Lock stack of current Java thread (top to bottom):


Compiled method (c1) 76346825 2365       1       java.nio.ByteBuffer::position (6 bytes)
 total in heap  [0x000001d100593408,0x000001d100593618] = 528
 relocation     [0x000001d1005934e0,0x000001d100593518] = 56
 main code      [0x000001d100593520,0x000001d1005935c8] = 168
 stub code      [0x000001d1005935c8,0x000001d100593610] = 72
 metadata       [0x000001d100593610,0x000001d100593618] = 8
 immutable data [0x000001d15365b180,0x000001d15365b1c8] = 72
 dependencies   [0x000001d15365b180,0x000001d15365b188] = 8
 scopes pcs     [0x000001d15365b188,0x000001d15365b1b8] = 48
 scopes data    [0x000001d15365b1b8,0x000001d15365b1c8] = 16

[Constant Pool (empty)]

[MachCode]
[Instructions begin]
  0x000001d100593520: 6666 660f | 1f84 0000 | 0000 0066 | 6666 9066 | 6690 448b | 5208 443b 

  0x000001d100593538: ;   {runtime_call ic_miss_stub}
  0x000001d100593538: 5008 0f85 | a0af abff 
[Verified Entry Point]
  0x000001d100593540: 8984 2400 | 80ff ff55 | 4883 ec20 | 4181 7f20 | 0900 0000 

  0x000001d100593554: ;   {runtime_call StubRoutines (final stubs)}
  0x000001d100593554: 7405 e8e5 | 41aa ff66 | 9048 b800 | fb59 53d1 

  0x000001d100593564: ;   {virtual_call}
  0x000001d100593564: 0100 00e8 

  0x000001d100593568: ; ImmutableOopMap {}
                      ;*invokevirtual position {reexecute=0 rethrow=0 return_oop=0}
                      ; - java.nio.ByteBuffer::position@2 (line 288)
  0x000001d100593568: c694 f3ff 

  0x000001d10059356c: ;   {other}
  0x000001d10059356c: 0f1f 8400 | 6401 0000 | 4883 c420 

  0x000001d100593578: ;   {poll_return}
  0x000001d100593578: 5d49 3ba7 | 4804 0000 | 0f87 0100 

  0x000001d100593584: ;   {internal_word}
  0x000001d100593584: 0000 c349 | ba79 3559 | 00d1 0100 | 004d 8997 | 6004 0000 

  0x000001d100593598: ;   {runtime_call SafepointBlob}
  0x000001d100593598: e943 1eac | ff49 8b87 | 0005 0000 | 49c7 8700 | 0500 0000 | 0000 0049 | c787 0805 | 0000 0000 
  0x000001d1005935b8: 0000 4883 

  0x000001d1005935bc: ;   {runtime_call unwind_exception Runtime1 stub}
  0x000001d1005935bc: c420 5de9 | 1c9a b6ff | f4f4 f4f4 
[Stub Code]
  0x000001d1005935c8: ;   {no_reloc}
  0x000001d1005935c8: 0f1f 4400 

  0x000001d1005935cc: ;   {static_stub}
  0x000001d1005935cc: 0048 bb00 | 0000 0000 

  0x000001d1005935d4: ;   {runtime_call nmethod}
  0x000001d1005935d4: 0000 00e9 | fbff ffff 
[Exception Handler]
  0x000001d1005935dc: ;   {runtime_call handle_exception_from_callee Runtime1 stub}
  0x000001d1005935dc: e87f cbb6 

  0x000001d1005935e0: ;   {external_word}
  0x000001d1005935e0: ff48 b930 | d533 f6fb | 7f00 0048 

  0x000001d1005935ec: ;   {runtime_call}
  0x000001d1005935ec: 83e4 f048 | b870 4afa | f5fb 7f00 | 00ff d0f4 
[Deopt Handler Code]
  0x000001d1005935fc: ;   {section_word}
  0x000001d1005935fc: 49ba fc35 | 5900 d101 | 0000 4152 

  0x000001d100593608: ;   {runtime_call DeoptimizationBlob}
  0x000001d100593608: e973 10ac | fff4 f4f4 
[/MachCode]


---------------  P R O C E S S  ---------------

Threads class SMR info:
_java_thread_list=0x000001d1547ac4a0, length=29, elements={
0x000001d17f95e700, 0x000001d10d1e46e0, 0x000001d10d1ea7b0, 0x000001d10d1ec380,
0x000001d10d1ed580, 0x000001d10d1ee780, 0x000001d10d1f2e80, 0x000001d10d2fa2b0,
0x000001d10d772040, 0x000001d10da43f10, 0x000001d10db68da0, 0x000001d1540831f0,
0x000001d154081120, 0x000001d1540817b0, 0x000001d154081e40, 0x000001d15407fd70,
0x000001d1559526a0, 0x000001d155957560, 0x000001d155954e00, 0x000001d155956ed0,
0x000001d155951980, 0x000001d155957bf0, 0x000001d155958280, 0x000001d155952d30,
0x000001d155952010, 0x000001d1559512f0, 0x000001d155958910, 0x000001d155955490,
0x000001d155956840
}

Java Threads: ( => current thread )
  0x000001d17f95e700 JavaThread "Reference Handler"          daemon [_thread_blocked, id=4528, stack(0x0000006a40900000,0x0000006a40a00000) (1024K)]
  0x000001d10d1e46e0 JavaThread "Finalizer"                  daemon [_thread_blocked, id=5400, stack(0x0000006a40a00000,0x0000006a40b00000) (1024K)]
  0x000001d10d1ea7b0 JavaThread "Signal Dispatcher"          daemon [_thread_blocked, id=10572, stack(0x0000006a40b00000,0x0000006a40c00000) (1024K)]
  0x000001d10d1ec380 JavaThread "Attach Listener"            daemon [_thread_blocked, id=11272, stack(0x0000006a40c00000,0x0000006a40d00000) (1024K)]
  0x000001d10d1ed580 JavaThread "Service Thread"             daemon [_thread_blocked, id=18000, stack(0x0000006a40d00000,0x0000006a40e00000) (1024K)]
  0x000001d10d1ee780 JavaThread "Monitor Deflation Thread"   daemon [_thread_blocked, id=17392, stack(0x0000006a40e00000,0x0000006a40f00000) (1024K)]
  0x000001d10d1f2e80 JavaThread "C1 CompilerThread0"         daemon [_thread_blocked, id=9400, stack(0x0000006a40f00000,0x0000006a41000000) (1024K)]
  0x000001d10d2fa2b0 JavaThread "Common-Cleaner"             daemon [_thread_blocked, id=13012, stack(0x0000006a41000000,0x0000006a41100000) (1024K)]
  0x000001d10d772040 JavaThread "Notification Thread"        daemon [_thread_blocked, id=6072, stack(0x0000006a41500000,0x0000006a41600000) (1024K)]
  0x000001d10da43f10 JavaThread "RMI TCP Accept-0"           daemon [_thread_in_native, id=1148, stack(0x0000006a41600000,0x0000006a41700000) (1024K)]
  0x000001d10db68da0 JavaThread "RMI Scheduler(0)"           daemon [_thread_blocked, id=10004, stack(0x0000006a41700000,0x0000006a41800000) (1024K)]
  0x000001d1540831f0 JavaThread "Catalina-utility-1"                [_thread_blocked, id=10152, stack(0x0000006a42000000,0x0000006a42100000) (1024K)]
  0x000001d154081120 JavaThread "Catalina-utility-2"                [_thread_blocked, id=16676, stack(0x0000006a42200000,0x0000006a42300000) (1024K)]
  0x000001d1540817b0 JavaThread "container-0"                       [_thread_blocked, id=9152, stack(0x0000006a42300000,0x0000006a42400000) (1024K)]
  0x000001d154081e40 JavaThread "mysql-cj-abandoned-connection-cleanup" daemon [_thread_blocked, id=8712, stack(0x0000006a42400000,0x0000006a42500000) (1024K)]
  0x000001d15407fd70 JavaThread "HikariPool-1 housekeeper"   daemon [_thread_blocked, id=8196, stack(0x0000006a42600000,0x0000006a42700000) (1024K)]
  0x000001d1559526a0 JavaThread "http-nio-8080-exec-1"       daemon [_thread_blocked, id=7864, stack(0x0000006a42800000,0x0000006a42900000) (1024K)]
  0x000001d155957560 JavaThread "http-nio-8080-exec-2"       daemon [_thread_blocked, id=3856, stack(0x0000006a42900000,0x0000006a42a00000) (1024K)]
  0x000001d155954e00 JavaThread "http-nio-8080-exec-3"       daemon [_thread_blocked, id=2904, stack(0x0000006a42a00000,0x0000006a42b00000) (1024K)]
  0x000001d155956ed0 JavaThread "http-nio-8080-exec-4"       daemon [_thread_blocked, id=7036, stack(0x0000006a42b00000,0x0000006a42c00000) (1024K)]
  0x000001d155951980 JavaThread "http-nio-8080-exec-5"       daemon [_thread_blocked, id=16472, stack(0x0000006a42c00000,0x0000006a42d00000) (1024K)]
  0x000001d155957bf0 JavaThread "http-nio-8080-exec-6"       daemon [_thread_blocked, id=16276, stack(0x0000006a42d00000,0x0000006a42e00000) (1024K)]
  0x000001d155958280 JavaThread "http-nio-8080-exec-7"       daemon [_thread_blocked, id=15780, stack(0x0000006a42e00000,0x0000006a42f00000) (1024K)]
  0x000001d155952d30 JavaThread "http-nio-8080-exec-8"       daemon [_thread_blocked, id=6228, stack(0x0000006a42f00000,0x0000006a43000000) (1024K)]
=>0x000001d155952010 JavaThread "http-nio-8080-exec-9"       daemon [_thread_in_Java, id=16352, stack(0x0000006a43000000,0x0000006a43100000) (1024K)]
  0x000001d1559512f0 JavaThread "http-nio-8080-exec-10"      daemon [_thread_blocked, id=1848, stack(0x0000006a43100000,0x0000006a43200000) (1024K)]
  0x000001d155958910 JavaThread "http-nio-8080-Poller"       daemon [_thread_in_native, id=256, stack(0x0000006a43200000,0x0000006a43300000) (1024K)]
  0x000001d155955490 JavaThread "http-nio-8080-Acceptor"     daemon [_thread_in_native, id=15720, stack(0x0000006a43300000,0x0000006a43400000) (1024K)]
  0x000001d155956840 JavaThread "DestroyJavaVM"                     [_thread_blocked, id=5056, stack(0x0000006a40100000,0x0000006a40200000) (1024K)]
Total: 29

Other Threads:
  0x000001d17f945a40 VMThread "VM Thread"                           [id=11744, stack(0x0000006a40800000,0x0000006a40900000) (1024K)]
  0x000001d17f935910 WatcherThread "VM Periodic Task Thread"        [id=18564, stack(0x0000006a40700000,0x0000006a40800000) (1024K)]
  0x000001d174da7810 WorkerThread "GC Thread#0"                     [id=8664, stack(0x0000006a40200000,0x0000006a40300000) (1024K)]
  0x000001d10db5b7c0 WorkerThread "GC Thread#1"                     [id=15636, stack(0x0000006a41900000,0x0000006a41a00000) (1024K)]
  0x000001d10db934f0 WorkerThread "GC Thread#2"                     [id=14376, stack(0x0000006a41a00000,0x0000006a41b00000) (1024K)]
  0x000001d10db9bd30 WorkerThread "GC Thread#3"                     [id=4692, stack(0x0000006a41b00000,0x0000006a41c00000) (1024K)]
  0x000001d10db9c560 WorkerThread "GC Thread#4"                     [id=10540, stack(0x0000006a41c00000,0x0000006a41d00000) (1024K)]
  0x000001d10db75bb0 WorkerThread "GC Thread#5"                     [id=8676, stack(0x0000006a41d00000,0x0000006a41e00000) (1024K)]
  0x000001d10db76370 WorkerThread "GC Thread#6"                     [id=8832, stack(0x0000006a41e00000,0x0000006a41f00000) (1024K)]
  0x000001d10db76ba0 WorkerThread "GC Thread#7"                     [id=11036, stack(0x0000006a41f00000,0x0000006a42000000) (1024K)]
  0x000001d174dbc7f0 ConcurrentGCThread "G1 Main Marker"            [id=11932, stack(0x0000006a40300000,0x0000006a40400000) (1024K)]
  0x000001d174dbea30 WorkerThread "G1 Conc#0"                       [id=6940, stack(0x0000006a40400000,0x0000006a40500000) (1024K)]
  0x000001d153a738e0 WorkerThread "G1 Conc#1"                       [id=13132, stack(0x0000006a42100000,0x0000006a42200000) (1024K)]
  0x000001d17f7fbda0 ConcurrentGCThread "G1 Refine#0"               [id=8960, stack(0x0000006a40500000,0x0000006a40600000) (1024K)]
  0x000001d17f7fc830 ConcurrentGCThread "G1 Service"                [id=19056, stack(0x0000006a40600000,0x0000006a40700000) (1024K)]
Total: 15

Threads with active compile tasks:
Total: 0

VM state: not at safepoint (normal execution)

VM Mutex/Monitor currently owned by a thread: None

Heap address: 0x0000000601c00000, size: 8164 MB, Compressed Oops mode: Zero based, Oop shift amount: 3

CDS archive(s) mapped at: [0x000001d10e000000-0x000001d10ed70000-0x000001d10ed70000), size 14090240, SharedBaseAddress: 0x000001d10e000000, ArchiveRelocationMode: 1.
Compressed class space mapped at: 0x000001d10f000000-0x000001d14f000000, reserved size: 1073741824
Narrow klass base: 0x000001d10e000000, Narrow klass shift: 0, Narrow klass range: 0x41000000

GC Precious Log:
 CardTable entry size: 512
 Card Set container configuration: InlinePtr #cards 4 size 8 Array Of Cards #cards 32 size 80 Howl #buckets 8 coarsen threshold 7372 Howl Bitmap #cards 1024 size 144 coarsen threshold 921 Card regions per heap region 1 cards per card region 8192
 CPUs: 8 total, 8 available
 Memory: 32640M
 Large Page Support: Disabled
 NUMA Support: Disabled
 Compressed Oops: Enabled (Zero based)
 Heap Region Size: 4M
 Heap Min Capacity: 8M
 Heap Initial Capacity: 512M
 Heap Max Capacity: 8164M
 Pre-touch: Disabled
 Parallel Workers: 8
 Concurrent Workers: 2
 Concurrent Refinement Workers: 8
 Periodic GC: Disabled

Heap:
 garbage-first heap   total reserved 8359936K, committed 73728K, used 39140K [0x0000000601c00000, 0x0000000800000000)
  region size 4096K, 3 young (12288K), 1 survivors (4096K)
 Metaspace       used 73776K, committed 74880K, reserved 1114112K
  class space    used 10742K, committed 11136K, reserved 1048576K

Heap Regions: E=young(eden), S=young(survivor), O=old, HS=humongous(starts), HC=humongous(continues), CS=collection set, F=free, TAMS=top-at-mark-start, PB=parsable bottom
|   0|0x0000000601c00000, 0x0000000602000000, 0x0000000602000000|100%| O|  |TAMS 0x0000000601c00000| PB 0x0000000601c00000| Untracked |  0
|   1|0x0000000602000000, 0x0000000602400000, 0x0000000602400000|100%| O|  |TAMS 0x0000000602000000| PB 0x0000000602000000| Untracked |  0
|   2|0x0000000602400000, 0x0000000602800000, 0x0000000602800000|100%| O|  |TAMS 0x0000000602400000| PB 0x0000000602400000| Untracked |  0
|   3|0x0000000602800000, 0x0000000602c00000, 0x0000000602c00000|100%| O|Cm|TAMS 0x0000000602800000| PB 0x0000000602800000| Complete |  0
|   4|0x0000000602c00000, 0x0000000603000000, 0x0000000603000000|100%| O|  |TAMS 0x0000000602c00000| PB 0x0000000602c00000| Untracked |  0
|   5|0x0000000603000000, 0x0000000603000000, 0x0000000603400000|  0%| F|  |TAMS 0x0000000603000000| PB 0x0000000603000000| Untracked |  0
|   6|0x0000000603400000, 0x0000000603800000, 0x0000000603800000|100%| O|  |TAMS 0x0000000603400000| PB 0x0000000603400000| Untracked |  0
|   7|0x0000000603800000, 0x0000000603c00000, 0x0000000603c00000|100%| O|  |TAMS 0x0000000603800000| PB 0x0000000603800000| Untracked |  0
|   8|0x0000000603c00000, 0x0000000603fdb0a0, 0x0000000604000000| 96%| O|  |TAMS 0x0000000603c00000| PB 0x0000000603c00000| Untracked |  0
|   9|0x0000000604000000, 0x0000000604000000, 0x0000000604400000|  0%| F|  |TAMS 0x0000000604000000| PB 0x0000000604000000| Untracked |  0
|  10|0x0000000604400000, 0x000000060465dfb8, 0x0000000604800000| 59%| S|CS|TAMS 0x0000000604400000| PB 0x0000000604400000| Complete |  0
|  11|0x0000000604800000, 0x0000000604800000, 0x0000000604c00000|  0%| F|  |TAMS 0x0000000604800000| PB 0x0000000604800000| Untracked |  0
|  12|0x0000000604c00000, 0x0000000604c00000, 0x0000000605000000|  0%| F|  |TAMS 0x0000000604c00000| PB 0x0000000604c00000| Untracked |  0
|  13|0x0000000605000000, 0x0000000605000000, 0x0000000605400000|  0%| F|  |TAMS 0x0000000605000000| PB 0x0000000605000000| Untracked |  0
| 114|0x000000061e400000, 0x000000061e400000, 0x000000061e800000|  0%| F|  |TAMS 0x000000061e400000| PB 0x000000061e400000| Untracked |  0
| 115|0x000000061e800000, 0x000000061e800000, 0x000000061ec00000|  0%| F|  |TAMS 0x000000061e800000| PB 0x000000061e800000| Untracked |  0
| 127|0x0000000621800000, 0x0000000621ac9fc8, 0x0000000621c00000| 69%| E|  |TAMS 0x0000000621800000| PB 0x0000000621800000| Complete |  0
|2040|0x00000007ffc00000, 0x0000000800000000, 0x0000000800000000|100%| E|CS|TAMS 0x00000007ffc00000| PB 0x00000007ffc00000| Complete |  0

Card table byte_map: [0x000001d17e760000,0x000001d17f760000] _byte_map_base: 0x000001d17b752000

Marking Bits: (CMBitMap*) 0x000001d174da7e30
 Bits: [0x000001d103000000, 0x000001d10af90000)

Polling page: 0x000001d1744c0000

Metaspace:

Usage:
  Non-class:     61.56 MB used.
      Class:     10.49 MB used.
       Both:     72.05 MB used.

Virtual space:
  Non-class space:       64.00 MB reserved,      62.25 MB ( 97%) committed,  1 nodes.
      Class space:        1.00 GB reserved,      10.88 MB (  1%) committed,  1 nodes.
             Both:        1.06 GB reserved,      73.12 MB (  7%) committed. 

Chunk freelists:
   Non-Class:  1.53 MB
       Class:  5.27 MB
        Both:  6.80 MB

MaxMetaspaceSize: unlimited
CompressedClassSpaceSize: 1.00 GB
Initial GC threshold: 21.00 MB
Current GC threshold: 121.88 MB
CDS: on
 - commit_granule_bytes: 65536.
 - commit_granule_words: 8192.
 - virtual_space_node_default_size: 8388608.
 - enlarge_chunks_in_place: 1.
 - use_allocation_guard: 0.


Internal statistics:

num_allocs_failed_limit: 9.
num_arena_births: 1060.
num_arena_deaths: 404.
num_vsnodes_births: 2.
num_vsnodes_deaths: 0.
num_space_committed: 1170.
num_space_uncommitted: 0.
num_chunks_returned_to_freelist: 457.
num_chunks_taken_from_freelist: 3523.
num_chunk_merges: 116.
num_chunk_splits: 2602.
num_chunks_enlarged: 2063.
num_inconsistent_stats: 0.

CodeCache: size=49152Kb used=14155Kb max_used=15801Kb free=34996Kb
 bounds [0x000001d100000000, 0x000001d100f70000, 0x000001d103000000]
 total_blobs=11030, nmethods=10238, adapters=715, full_count=0
Compilation: enabled, stopped_count=0, restarted_count=0

Compilation events (20 events):
Event: 74802.298 Thread 0x000001d10d1f2e80 10330   !   1       sun.security.ssl.TransportContext::warning (82 bytes)
Event: 74802.298 Thread 0x000001d10d1f2e80 nmethod 10330 0x000001d100da9e88 code [0x000001d100da9fc0, 0x000001d100daa140]
Event: 74802.298 Thread 0x000001d10d1f2e80 10331   !   1       sun.security.ssl.SSLSocketOutputRecord::encodeAlert (281 bytes)
Event: 74802.301 Thread 0x000001d10d1f2e80 nmethod 10331 0x000001d100da9188 code [0x000001d100da93e0, 0x000001d100da9e08]
Event: 74802.301 Thread 0x000001d10d1f2e80 10332   !   1       com.mysql.cj.jdbc.ConnectionImpl::close (110 bytes)
Event: 74802.304 Thread 0x000001d10d1f2e80 nmethod 10332 0x000001d100da8808 code [0x000001d100da89e0, 0x000001d100da90d0]
Event: 74802.304 Thread 0x000001d10d1f2e80 10333   !   1       com.mysql.cj.jdbc.ConnectionImpl::doClose (436 bytes)
Event: 74802.315 Thread 0x000001d10d1f2e80 nmethod 10333 0x000001d100da6088 code [0x000001d100da65c0, 0x000001d100da85b0]
Event: 74802.315 Thread 0x000001d10d1f2e80 10334       1       java.util.ComparableTimSort::countRunAndMakeAscending (123 bytes)
Event: 74802.317 Thread 0x000001d10d1f2e80 nmethod 10334 0x000001d100da5888 code [0x000001d100da5a00, 0x000001d100da6050]
Event: 74812.949 Thread 0x000001d10d1f2e80 10335   !   1       java.util.concurrent.ThreadPoolExecutor::addWorker (293 bytes)
Event: 74812.955 Thread 0x000001d10d1f2e80 nmethod 10335 0x000001d100da4908 code [0x000001d100da4b60, 0x000001d100da5740]
Event: 74812.955 Thread 0x000001d10d1f2e80 10336       1       sun.security.ssl.BaseSSLSocketImpl::getSoTimeout (21 bytes)
Event: 74812.956 Thread 0x000001d10d1f2e80 nmethod 10336 0x000001d100da4608 code [0x000001d100da4740, 0x000001d100da4890]
Event: 74853.252 Thread 0x000001d10d1f2e80 10337       1       sun.security.ssl.SSLSocketInputRecord::deplete (50 bytes)
Event: 74853.253 Thread 0x000001d10d1f2e80 nmethod 10337 0x000001d100da4288 code [0x000001d100da43e0, 0x000001d100da45c0]
Event: 75813.630 Thread 0x000001d10d1f2e80 10338       1       ch.qos.logback.core.pattern.DynamicConverter::getFirstOption (35 bytes)
Event: 75813.631 Thread 0x000001d10d1f2e80 nmethod 10338 0x000001d100da3f08 code [0x000001d100da4040, 0x000001d100da41f8]
Event: 75813.631 Thread 0x000001d10d1f2e80 10339       1       ch.qos.logback.core.pattern.CompositeConverter::convert (43 bytes)
Event: 75813.631 Thread 0x000001d10d1f2e80 nmethod 10339 0x000001d100da3a88 code [0x000001d100da3be0, 0x000001d100da3eb0]

GC Heap History (20 events):
Event: 7.665 GC heap before
{Heap before GC invocations=10 (full 0):
 garbage-first heap   total reserved 8359936K, committed 69632K, used 48593K [0x0000000601c00000, 0x0000000800000000)
  region size 4096K, 8 young (32768K), 1 survivors (4096K)
 Metaspace       used 51586K, committed 52224K, reserved 1114112K
  class space    used 7353K, committed 7616K, reserved 1048576K
}
Event: 7.671 GC heap after
{Heap after GC invocations=11 (full 0):
 garbage-first heap   total reserved 8359936K, committed 69632K, used 26010K [0x0000000601c00000, 0x0000000800000000)
  region size 4096K, 1 young (4096K), 1 survivors (4096K)
 Metaspace       used 51586K, committed 52224K, reserved 1114112K
  class space    used 7353K, committed 7616K, reserved 1048576K
}
Event: 8.406 GC heap before
{Heap before GC invocations=11 (full 0):
 garbage-first heap   total reserved 8359936K, committed 69632K, used 54682K [0x0000000601c00000, 0x0000000800000000)
  region size 4096K, 8 young (32768K), 1 survivors (4096K)
 Metaspace       used 58276K, committed 58880K, reserved 1114112K
  class space    used 8450K, committed 8704K, reserved 1048576K
}
Event: 8.410 GC heap after
{Heap after GC invocations=12 (full 0):
 garbage-first heap   total reserved 8359936K, committed 69632K, used 27096K [0x0000000601c00000, 0x0000000800000000)
  region size 4096K, 1 young (4096K), 1 survivors (4096K)
 Metaspace       used 58276K, committed 58880K, reserved 1114112K
  class space    used 8450K, committed 8704K, reserved 1048576K
}
Event: 8.570 GC heap before
{Heap before GC invocations=12 (full 0):
 garbage-first heap   total reserved 8359936K, committed 69632K, used 31192K [0x0000000601c00000, 0x0000000800000000)
  region size 4096K, 3 young (12288K), 1 survivors (4096K)
 Metaspace       used 60172K, committed 60800K, reserved 1114112K
  class space    used 8725K, committed 8960K, reserved 1048576K
}
Event: 8.575 GC heap after
{Heap after GC invocations=13 (full 0):
 garbage-first heap   total reserved 8359936K, committed 69632K, used 27390K [0x0000000601c00000, 0x0000000800000000)
  region size 4096K, 1 young (4096K), 1 survivors (4096K)
 Metaspace       used 60172K, committed 60800K, reserved 1114112K
  class space    used 8725K, committed 8960K, reserved 1048576K
}
Event: 9.534 GC heap before
{Heap before GC invocations=14 (full 0):
 garbage-first heap   total reserved 8359936K, committed 69632K, used 56062K [0x0000000601c00000, 0x0000000800000000)
  region size 4096K, 8 young (32768K), 1 survivors (4096K)
 Metaspace       used 65464K, committed 66048K, reserved 1114112K
  class space    used 9538K, committed 9792K, reserved 1048576K
}
Event: 9.539 GC heap after
{Heap after GC invocations=15 (full 0):
 garbage-first heap   total reserved 8359936K, committed 69632K, used 29653K [0x0000000601c00000, 0x0000000800000000)
  region size 4096K, 1 young (4096K), 1 survivors (4096K)
 Metaspace       used 65464K, committed 66048K, reserved 1114112K
  class space    used 9538K, committed 9792K, reserved 1048576K
}
Event: 10.286 GC heap before
{Heap before GC invocations=15 (full 0):
 garbage-first heap   total reserved 8359936K, committed 69632K, used 58325K [0x0000000601c00000, 0x0000000800000000)
  region size 4096K, 8 young (32768K), 1 survivors (4096K)
 Metaspace       used 68906K, committed 69696K, reserved 1114112K
  class space    used 10081K, committed 10432K, reserved 1048576K
}
Event: 10.297 GC heap after
{Heap after GC invocations=16 (full 0):
 garbage-first heap   total reserved 8359936K, committed 73728K, used 31670K [0x0000000601c00000, 0x0000000800000000)
  region size 4096K, 1 young (4096K), 1 survivors (4096K)
 Metaspace       used 68906K, committed 69696K, reserved 1114112K
  class space    used 10081K, committed 10432K, reserved 1048576K
}
Event: 40.598 GC heap before
{Heap before GC invocations=16 (full 0):
 garbage-first heap   total reserved 8359936K, committed 73728K, used 60342K [0x0000000601c00000, 0x0000000800000000)
  region size 4096K, 8 young (32768K), 1 survivors (4096K)
 Metaspace       used 73363K, committed 74112K, reserved 1114112K
  class space    used 10743K, committed 11072K, reserved 1048576K
}
Event: 40.603 GC heap after
{Heap after GC invocations=17 (full 0):
 garbage-first heap   total reserved 8359936K, committed 73728K, used 35395K [0x0000000601c00000, 0x0000000800000000)
  region size 4096K, 1 young (4096K), 1 survivors (4096K)
 Metaspace       used 73363K, committed 74112K, reserved 1114112K
  class space    used 10743K, committed 11072K, reserved 1048576K
}
Event: 2657.288 GC heap before
{Heap before GC invocations=17 (full 0):
 garbage-first heap   total reserved 8359936K, committed 73728K, used 64067K [0x0000000601c00000, 0x0000000800000000)
  region size 4096K, 8 young (32768K), 1 survivors (4096K)
 Metaspace       used 74119K, committed 74880K, reserved 1114112K
  class space    used 10840K, committed 11136K, reserved 1048576K
}
Event: 2657.292 GC heap after
{Heap after GC invocations=18 (full 0):
 garbage-first heap   total reserved 8359936K, committed 73728K, used 36791K [0x0000000601c00000, 0x0000000800000000)
  region size 4096K, 1 young (4096K), 1 survivors (4096K)
 Metaspace       used 74119K, committed 74880K, reserved 1114112K
  class space    used 10840K, committed 11136K, reserved 1048576K
}
Event: 3605.225 GC heap before
{Heap before GC invocations=18 (full 0):
 garbage-first heap   total reserved 8359936K, committed 73728K, used 61367K [0x0000000601c00000, 0x0000000800000000)
  region size 4096K, 7 young (28672K), 1 survivors (4096K)
 Metaspace       used 74124K, committed 74880K, reserved 1114112K
  class space    used 10842K, committed 11136K, reserved 1048576K
}
Event: 3605.230 GC heap after
{Heap after GC invocations=19 (full 0):
 garbage-first heap   total reserved 8359936K, committed 73728K, used 36918K [0x0000000601c00000, 0x0000000800000000)
  region size 4096K, 1 young (4096K), 1 survivors (4096K)
 Metaspace       used 74124K, committed 74880K, reserved 1114112K
  class space    used 10842K, committed 11136K, reserved 1048576K
}
Event: 65894.489 GC heap before
{Heap before GC invocations=20 (full 0):
 garbage-first heap   total reserved 8359936K, committed 73728K, used 61494K [0x0000000601c00000, 0x0000000800000000)
  region size 4096K, 7 young (28672K), 1 survivors (4096K)
 Metaspace       used 73766K, committed 74880K, reserved 1114112K
  class space    used 10740K, committed 11136K, reserved 1048576K
}
Event: 65894.492 GC heap after
{Heap after GC invocations=21 (full 0):
 garbage-first heap   total reserved 8359936K, committed 73728K, used 38250K [0x0000000601c00000, 0x0000000800000000)
  region size 4096K, 1 young (4096K), 1 survivors (4096K)
 Metaspace       used 73766K, committed 74880K, reserved 1114112K
  class space    used 10740K, committed 11136K, reserved 1048576K
}
Event: 73023.527 GC heap before
{Heap before GC invocations=21 (full 0):
 garbage-first heap   total reserved 8359936K, committed 73728K, used 62826K [0x0000000601c00000, 0x0000000800000000)
  region size 4096K, 7 young (28672K), 1 survivors (4096K)
 Metaspace       used 73770K, committed 74880K, reserved 1114112K
  class space    used 10741K, committed 11136K, reserved 1048576K
}
Event: 73023.540 GC heap after
{Heap after GC invocations=22 (full 0):
 garbage-first heap   total reserved 8359936K, committed 73728K, used 35044K [0x0000000601c00000, 0x0000000800000000)
  region size 4096K, 1 young (4096K), 1 survivors (4096K)
 Metaspace       used 73770K, committed 74880K, reserved 1114112K
  class space    used 10741K, committed 11136K, reserved 1048576K
}

Dll operation events (13 events):
Event: 0.033 Loaded shared library C:\Users\admin\.jdks\openjdk-23.0.1\bin\java.dll
Event: 0.423 Loaded shared library C:\Users\admin\.jdks\openjdk-23.0.1\bin\zip.dll
Event: 0.436 Loaded shared library C:\Users\admin\.jdks\openjdk-23.0.1\bin\instrument.dll
Event: 0.447 Loaded shared library C:\Users\admin\.jdks\openjdk-23.0.1\bin\net.dll
Event: 0.450 Loaded shared library C:\Users\admin\.jdks\openjdk-23.0.1\bin\nio.dll
Event: 0.455 Loaded shared library C:\Users\admin\.jdks\openjdk-23.0.1\bin\zip.dll
Event: 0.665 Loaded shared library C:\Program Files\JetBrains\IntelliJ IDEA 2024.1.4\bin\breakgen64.dll
Event: 0.674 Loaded shared library C:\Users\admin\.jdks\openjdk-23.0.1\bin\jimage.dll
Event: 0.680 Loaded shared library C:\Users\admin\.jdks\openjdk-23.0.1\bin\extnet.dll
Event: 0.699 Loaded shared library C:\Users\admin\.jdks\openjdk-23.0.1\bin\management.dll
Event: 0.716 Loaded shared library C:\Users\admin\.jdks\openjdk-23.0.1\bin\management_ext.dll
Event: 3.394 Loaded shared library C:\Users\admin\.jdks\openjdk-23.0.1\bin\sunmscapi.dll
Event: 5.999 Loaded shared library C:\Users\admin\.jdks\openjdk-23.0.1\bin\verify.dll

Deoptimization events (0 events):
No events

Classes loaded (20 events):
Event: 40.815 Loading class java/util/stream/ReduceOps$6ReducingSink
Event: 40.815 Loading class java/util/stream/ReduceOps$6ReducingSink done
Event: 40.815 Loading class java/util/stream/ReferencePipeline$4$1
Event: 40.815 Loading class java/util/stream/ReferencePipeline$4$1 done
Event: 40.846 Loading class java/io/WriteAbortedException
Event: 40.846 Loading class java/io/WriteAbortedException done
Event: 40.846 Loading class sun/security/provider/SecureRandom
Event: 40.846 Loading class sun/security/provider/SecureRandom done
Event: 40.847 Loading class sun/security/provider/SecureRandom$SeederHolder
Event: 40.847 Loading class sun/security/provider/SecureRandom$SeederHolder done
Event: 1762.581 Loading class sun/security/ssl/Alert
Event: 1762.582 Loading class sun/security/ssl/Alert done
Event: 1762.583 Loading class sun/security/ssl/Alert$AlertConsumer
Event: 1762.584 Loading class sun/security/ssl/Alert$AlertConsumer done
Event: 1762.584 Loading class sun/security/ssl/Alert$Level
Event: 1762.584 Loading class sun/security/ssl/Alert$Level done
Event: 1762.588 Loading class sun/net/ConnectionResetException
Event: 1762.589 Loading class sun/net/ConnectionResetException done
Event: 2747.930 Loading class java/util/concurrent/locks/ReentrantReadWriteLock$Sync$HoldCounter
Event: 2747.930 Loading class java/util/concurrent/locks/ReentrantReadWriteLock$Sync$HoldCounter done

Classes unloaded (20 events):
Event: 3605.276 Thread 0x000001d17f945a40 Unloading class 0x000001d10f00c800 'java/lang/invoke/LambdaForm$DMH+0x000001d10f00c800'
Event: 3605.276 Thread 0x000001d17f945a40 Unloading class 0x000001d10f00c400 'java/lang/invoke/LambdaForm$DMH+0x000001d10f00c400'
Event: 3605.276 Thread 0x000001d17f945a40 Unloading class 0x000001d10f00b800 'java/lang/invoke/LambdaForm$MH+0x000001d10f00b800'
Event: 3605.276 Thread 0x000001d17f945a40 Unloading class 0x000001d10f00ac00 'java/lang/invoke/LambdaForm$MH+0x000001d10f00ac00'
Event: 3605.276 Thread 0x000001d17f945a40 Unloading class 0x000001d10f00a800 'java/lang/invoke/LambdaForm$MH+0x000001d10f00a800'
Event: 3605.276 Thread 0x000001d17f945a40 Unloading class 0x000001d10f00a400 'java/lang/invoke/LambdaForm$MH+0x000001d10f00a400'
Event: 3605.276 Thread 0x000001d17f945a40 Unloading class 0x000001d10f009c00 'java/lang/invoke/LambdaForm$MH+0x000001d10f009c00'
Event: 3605.276 Thread 0x000001d17f945a40 Unloading class 0x000001d10f009000 'java/lang/invoke/LambdaForm$MH+0x000001d10f009000'
Event: 3605.276 Thread 0x000001d17f945a40 Unloading class 0x000001d10f007800 'java/lang/invoke/LambdaForm$MH+0x000001d10f007800'
Event: 3605.276 Thread 0x000001d17f945a40 Unloading class 0x000001d10f006c00 'java/lang/invoke/LambdaForm$MH+0x000001d10f006c00'
Event: 3605.276 Thread 0x000001d17f945a40 Unloading class 0x000001d10f006800 'java/lang/invoke/LambdaForm$MH+0x000001d10f006800'
Event: 3605.276 Thread 0x000001d17f945a40 Unloading class 0x000001d10f006000 'java/lang/invoke/LambdaForm$MH+0x000001d10f006000'
Event: 3605.276 Thread 0x000001d17f945a40 Unloading class 0x000001d10f005800 'java/lang/invoke/LambdaForm$MH+0x000001d10f005800'
Event: 3605.276 Thread 0x000001d17f945a40 Unloading class 0x000001d10f005000 'java/lang/invoke/LambdaForm$MH+0x000001d10f005000'
Event: 3605.276 Thread 0x000001d17f945a40 Unloading class 0x000001d10f004800 'java/lang/invoke/LambdaForm$MH+0x000001d10f004800'
Event: 3605.276 Thread 0x000001d17f945a40 Unloading class 0x000001d10f004000 'java/lang/invoke/LambdaForm$MH+0x000001d10f004000'
Event: 3605.276 Thread 0x000001d17f945a40 Unloading class 0x000001d10f002000 'java/lang/invoke/LambdaForm$MH+0x000001d10f002000'
Event: 3605.276 Thread 0x000001d17f945a40 Unloading class 0x000001d10f001c00 'java/lang/invoke/LambdaForm$MH+0x000001d10f001c00'
Event: 3605.276 Thread 0x000001d17f945a40 Unloading class 0x000001d10f001800 'java/lang/invoke/LambdaForm$MH+0x000001d10f001800'
Event: 3605.276 Thread 0x000001d17f945a40 Unloading class 0x000001d10f001000 'java/lang/invoke/LambdaForm$MH+0x000001d10f001000'

Classes redefined (0 events):
No events

Internal exceptions (20 events):
Event: 12423.179 Thread 0x000001d155954770 Exception <a 'java/io/IOException'{0x00000006048eb810}> (0x00000006048eb810) 
thrown [s\open\src\hotspot\share\prims\jni.cpp, line 520]
Event: 12423.180 Thread 0x000001d155954770 Exception <a 'java/io/IOException'{0x00000006048ec478}> (0x00000006048ec478) 
thrown [s\open\src\hotspot\share\prims\jni.cpp, line 520]
Event: 65908.319 Thread 0x000001d155954770 Exception <a 'java/net/SocketException'{0x0000000621b3ddc8}: Connection reset by peer: shutdown> (0x0000000621b3ddc8) 
thrown [s\open\src\hotspot\share\prims\jni.cpp, line 539]
Event: 65908.320 Thread 0x000001d155954770 Exception <a 'java/io/IOException'{0x0000000621b3f5c0}> (0x0000000621b3f5c0) 
thrown [s\open\src\hotspot\share\prims\jni.cpp, line 520]
Event: 65908.321 Thread 0x000001d155954770 Exception <a 'java/io/IOException'{0x0000000621b41a40}> (0x0000000621b41a40) 
thrown [s\open\src\hotspot\share\prims\jni.cpp, line 520]
Event: 65908.321 Thread 0x000001d155954770 Exception <a 'java/io/IOException'{0x0000000621b43b60}> (0x0000000621b43b60) 
thrown [s\open\src\hotspot\share\prims\jni.cpp, line 520]
Event: 65908.321 Thread 0x000001d155954770 Exception <a 'java/io/IOException'{0x0000000621b44910}> (0x0000000621b44910) 
thrown [s\open\src\hotspot\share\prims\jni.cpp, line 520]
Event: 65908.322 Thread 0x000001d155954770 Exception <a 'java/io/IOException'{0x0000000621b51650}> (0x0000000621b51650) 
thrown [s\open\src\hotspot\share\prims\jni.cpp, line 520]
Event: 65908.323 Thread 0x000001d155954770 Exception <a 'java/io/IOException'{0x0000000621b560b8}> (0x0000000621b560b8) 
thrown [s\open\src\hotspot\share\prims\jni.cpp, line 520]
Event: 69498.372 Thread 0x000001d155954770 Exception <a 'java/io/IOException'{0x000000060533ee60}> (0x000000060533ee60) 
thrown [s\open\src\hotspot\share\prims\jni.cpp, line 520]
Event: 69498.373 Thread 0x000001d155954770 Exception <a 'java/io/IOException'{0x000000060533fac8}> (0x000000060533fac8) 
thrown [s\open\src\hotspot\share\prims\jni.cpp, line 520]
Event: 71211.113 Thread 0x000001d155954770 Exception <a 'java/io/IOException'{0x0000000604c9f898}> (0x0000000604c9f898) 
thrown [s\open\src\hotspot\share\prims\jni.cpp, line 520]
Event: 71211.114 Thread 0x000001d155954770 Exception <a 'java/io/IOException'{0x0000000604ca0500}> (0x0000000604ca0500) 
thrown [s\open\src\hotspot\share\prims\jni.cpp, line 520]
Event: 72988.848 Thread 0x000001d155954770 Exception <a 'java/io/IOException'{0x000000060493b8b8}> (0x000000060493b8b8) 
thrown [s\open\src\hotspot\share\prims\jni.cpp, line 520]
Event: 73001.668 Thread 0x000001d155954770 Exception <a 'java/net/SocketException'{0x00000006049a8f20}: Connection reset by peer: shutdown> (0x00000006049a8f20) 
thrown [s\open\src\hotspot\share\prims\jni.cpp, line 539]
Event: 73028.179 Thread 0x000001d155954770 Exception <a 'java/io/IOException'{0x00000007ffc20020}> (0x00000007ffc20020) 
thrown [s\open\src\hotspot\share\prims\jni.cpp, line 520]
Event: 74769.408 Thread 0x000001d155954770 Exception <a 'java/net/SocketException'{0x00000007ffe24190}: Connection reset by peer: shutdown> (0x00000007ffe24190) 
thrown [s\open\src\hotspot\share\prims\jni.cpp, line 539]
Event: 74812.953 Thread 0x000001d155954770 Exception <a 'java/io/IOException'{0x000000062194e280}> (0x000000062194e280) 
thrown [s\open\src\hotspot\share\prims\jni.cpp, line 520]
Event: 74812.954 Thread 0x000001d155954770 Exception <a 'java/io/IOException'{0x000000062194f030}> (0x000000062194f030) 
thrown [s\open\src\hotspot\share\prims\jni.cpp, line 520]
Event: 75883.110 Thread 0x000001d10d76d9c0 Exception <a 'sun/net/ConnectionResetException'{0x0000000621a56918}: Connection reset> (0x0000000621a56918) 
thrown [s\open\src\hotspot\share\prims\jni.cpp, line 539]

VM Operations (20 events):
Event: 2657.287 Executing VM operation: G1CollectForAllocation (G1 Evacuation Pause)
Event: 2657.292 Executing VM operation: G1CollectForAllocation (G1 Evacuation Pause) done
Event: 2706.849 Executing VM operation: HandshakeAllThreads (HandshakeForDeflation)
Event: 2706.850 Executing VM operation: HandshakeAllThreads (HandshakeForDeflation) done
Event: 2706.850 Executing VM operation: RendezvousGCThreads
Event: 2706.850 Executing VM operation: RendezvousGCThreads done
Event: 2767.113 Executing VM operation: HandshakeAllThreads (HandshakeForDeflation)
Event: 2767.114 Executing VM operation: HandshakeAllThreads (HandshakeForDeflation) done
Event: 2767.114 Executing VM operation: RendezvousGCThreads
Event: 2767.114 Executing VM operation: RendezvousGCThreads done
Event: 3605.225 Executing VM operation: G1CollectForAllocation (G1 Evacuation Pause)
Event: 3605.230 Executing VM operation: G1CollectForAllocation (G1 Evacuation Pause) done
Event: 3605.274 Executing VM operation: G1PauseRemark
Event: 3605.283 Executing VM operation: G1PauseRemark done
Event: 3605.295 Executing VM operation: G1PauseCleanup
Event: 3605.295 Executing VM operation: G1PauseCleanup done
Event: 65894.488 Executing VM operation: G1CollectForAllocation (G1 Evacuation Pause)
Event: 65894.492 Executing VM operation: G1CollectForAllocation (G1 Evacuation Pause) done
Event: 73023.527 Executing VM operation: G1CollectForAllocation (G1 Evacuation Pause)
Event: 73023.540 Executing VM operation: G1CollectForAllocation (G1 Evacuation Pause) done

Memory protections (0 events):
No events

Nmethod flushes (20 events):
Event: 3605.281 Thread 0x000001d17f945a40 flushing  nmethod 0x000001d100835688
Event: 3605.281 Thread 0x000001d17f945a40 flushing  nmethod 0x000001d1009d2708
Event: 3605.281 Thread 0x000001d17f945a40 flushing  nmethod 0x000001d100502b88
Event: 3605.281 Thread 0x000001d17f945a40 flushing  nmethod 0x000001d100712588
Event: 3605.281 Thread 0x000001d17f945a40 flushing  nmethod 0x000001d100713808
Event: 3605.281 Thread 0x000001d17f945a40 flushing  nmethod 0x000001d10087e608
Event: 3605.281 Thread 0x000001d17f945a40 flushing  nmethod 0x000001d1008e7988
Event: 3605.281 Thread 0x000001d17f945a40 flushing  nmethod 0x000001d1008e8308
Event: 3605.281 Thread 0x000001d17f945a40 flushing osr nmethod 0x000001d100340288
Event: 3605.281 Thread 0x000001d17f945a40 flushing  nmethod 0x000001d100372c08
Event: 3605.281 Thread 0x000001d17f945a40 flushing  nmethod 0x000001d100400588
Event: 3605.281 Thread 0x000001d17f945a40 flushing  nmethod 0x000001d1006eac08
Event: 3605.281 Thread 0x000001d17f945a40 flushing  nmethod 0x000001d10077b208
Event: 3605.281 Thread 0x000001d17f945a40 flushing  nmethod 0x000001d1007aa408
Event: 3605.281 Thread 0x000001d17f945a40 flushing  nmethod 0x000001d10096e608
Event: 3605.281 Thread 0x000001d17f945a40 flushing  nmethod 0x000001d1003d9908
Event: 3605.281 Thread 0x000001d17f945a40 flushing  nmethod 0x000001d100418a88
Event: 3605.281 Thread 0x000001d17f945a40 flushing  nmethod 0x000001d100467608
Event: 3605.281 Thread 0x000001d17f945a40 flushing  nmethod 0x000001d100878388
Event: 3605.281 Thread 0x000001d17f945a40 flushing  nmethod 0x000001d100a35d88

Events (20 events):
Event: 74764.425 Thread 0x000001d155954770 Thread added: 0x000001d155955b20
Event: 74774.419 Thread 0x000001d155954770 Thread exited: 0x000001d155954770
Event: 74774.512 Thread 0x000001d155955b20 Thread exited: 0x000001d155955b20
Event: 74783.866 Thread 0x000001d15407fd70 Thread added: 0x000001d155954770
Event: 74783.868 Thread 0x000001d155954770 Thread added: 0x000001d155955b20
Event: 74792.731 Thread 0x000001d155954770 Thread exited: 0x000001d155954770
Event: 74792.824 Thread 0x000001d155955b20 Thread exited: 0x000001d155955b20
Event: 74797.491 Thread 0x000001d15407fd70 Thread added: 0x000001d155954770
Event: 74797.493 Thread 0x000001d155954770 Thread added: 0x000001d155955b20
Event: 74807.308 Thread 0x000001d155954770 Thread exited: 0x000001d155954770
Event: 74807.385 Thread 0x000001d155955b20 Thread exited: 0x000001d155955b20
Event: 74812.950 Thread 0x000001d15407fd70 Thread added: 0x000001d155954770
Event: 74812.955 Thread 0x000001d155954770 Thread added: 0x000001d155955b20
Event: 74817.966 Thread 0x000001d155954770 Thread exited: 0x000001d155954770
Event: 74818.043 Thread 0x000001d155955b20 Thread exited: 0x000001d155955b20
Event: 74853.250 Thread 0x000001d15407fd70 Thread added: 0x000001d155954770
Event: 74853.253 Thread 0x000001d155954770 Thread added: 0x000001d155955b20
Event: 74858.260 Thread 0x000001d155954770 Thread exited: 0x000001d155954770
Event: 74858.353 Thread 0x000001d155955b20 Thread exited: 0x000001d155955b20
Event: 75883.111 Thread 0x000001d10d76d9c0 Thread exited: 0x000001d10d76d9c0


Dynamic libraries:
0x00007ff71ade0000 - 0x00007ff71adee000 	C:\Users\admin\.jdks\openjdk-23.0.1\bin\java.exe
0x00007ffc871b0000 - 0x00007ffc873a8000 	C:\WINDOWS\SYSTEM32\ntdll.dll
0x00007ffc864e0000 - 0x00007ffc865a2000 	C:\WINDOWS\System32\KERNEL32.DLL
0x00007ffc84bd0000 - 0x00007ffc84ec6000 	C:\WINDOWS\System32\KERNELBASE.dll
0x00007ffc84a30000 - 0x00007ffc84b30000 	C:\WINDOWS\System32\ucrtbase.dll
0x00007ffc802b0000 - 0x00007ffc802cb000 	C:\Users\admin\.jdks\openjdk-23.0.1\bin\VCRUNTIME140.dll
0x00007ffc809f0000 - 0x00007ffc80a07000 	C:\Users\admin\.jdks\openjdk-23.0.1\bin\jli.dll
0x00007ffc86d00000 - 0x00007ffc86ea1000 	C:\WINDOWS\System32\USER32.dll
0x00007ffc83be0000 - 0x00007ffc83e7b000 	C:\WINDOWS\WinSxS\amd64_microsoft.windows.common-controls_6595b64144ccf1df_6.0.19041.6456_none_60b8a6cb71f64256\COMCTL32.dll
0x00007ffc849d0000 - 0x00007ffc849f2000 	C:\WINDOWS\System32\win32u.dll
0x00007ffc86a10000 - 0x00007ffc86aae000 	C:\WINDOWS\System32\msvcrt.dll
0x00007ffc86ab0000 - 0x00007ffc86adb000 	C:\WINDOWS\System32\GDI32.dll
0x00007ffc850b0000 - 0x00007ffc851c9000 	C:\WINDOWS\System32\gdi32full.dll
0x00007ffc84b30000 - 0x00007ffc84bcd000 	C:\WINDOWS\System32\msvcp_win.dll
0x00007ffc869e0000 - 0x00007ffc86a0f000 	C:\WINDOWS\System32\IMM32.DLL
0x00007ffc802a0000 - 0x00007ffc802ac000 	C:\Users\admin\.jdks\openjdk-23.0.1\bin\vcruntime140_1.dll
0x00007ffc53790000 - 0x00007ffc5381e000 	C:\Users\admin\.jdks\openjdk-23.0.1\bin\msvcp140.dll
0x00007ffbf5970000 - 0x00007ffbf66bf000 	C:\Users\admin\.jdks\openjdk-23.0.1\bin\server\jvm.dll
0x00007ffc851f0000 - 0x00007ffc852a1000 	C:\WINDOWS\System32\ADVAPI32.dll
0x00007ffc86390000 - 0x00007ffc8642f000 	C:\WINDOWS\System32\sechost.dll
0x00007ffc86eb0000 - 0x00007ffc86fd0000 	C:\WINDOWS\System32\RPCRT4.dll
0x00007ffc84a00000 - 0x00007ffc84a27000 	C:\WINDOWS\System32\bcrypt.dll
0x00007ffc86c90000 - 0x00007ffc86cfb000 	C:\WINDOWS\System32\WS2_32.dll
0x00007ffc84430000 - 0x00007ffc8447b000 	C:\WINDOWS\SYSTEM32\POWRPROF.dll
0x00007ffc75e90000 - 0x00007ffc75eb7000 	C:\WINDOWS\SYSTEM32\WINMM.dll
0x00007ffc7d5f0000 - 0x00007ffc7d5fa000 	C:\WINDOWS\SYSTEM32\VERSION.dll
0x00007ffc83f70000 - 0x00007ffc83f82000 	C:\WINDOWS\SYSTEM32\UMPDC.dll
0x00007ffc81990000 - 0x00007ffc819a2000 	C:\WINDOWS\SYSTEM32\kernel.appcore.dll
0x00007ffc80290000 - 0x00007ffc8029a000 	C:\Users\admin\.jdks\openjdk-23.0.1\bin\jimage.dll
0x00007ffc84220000 - 0x00007ffc84421000 	C:\WINDOWS\SYSTEM32\DBGHELP.DLL
0x00007ffc83fb0000 - 0x00007ffc83fe4000 	C:\WINDOWS\SYSTEM32\dbgcore.DLL
0x00007ffc848f0000 - 0x00007ffc84972000 	C:\WINDOWS\System32\bcryptPrimitives.dll
0x00007ffc801e0000 - 0x00007ffc801ef000 	C:\Users\admin\.jdks\openjdk-23.0.1\bin\instrument.dll
0x00007ffc80270000 - 0x00007ffc8028e000 	C:\Users\admin\.jdks\openjdk-23.0.1\bin\java.dll
0x00007ffc85610000 - 0x00007ffc8573b000 	C:\WINDOWS\System32\ole32.dll
0x00007ffc86680000 - 0x00007ffc869d4000 	C:\WINDOWS\System32\combase.dll
0x00007ffc85c20000 - 0x00007ffc86390000 	C:\WINDOWS\System32\SHELL32.dll
0x00007ffc82230000 - 0x00007ffc829d5000 	C:\WINDOWS\SYSTEM32\windows.storage.dll
0x00007ffc83b40000 - 0x00007ffc83b6b000 	C:\WINDOWS\SYSTEM32\Wldp.dll
0x00007ffc865b0000 - 0x00007ffc8667d000 	C:\WINDOWS\System32\OLEAUT32.dll
0x00007ffc870c0000 - 0x00007ffc8716d000 	C:\WINDOWS\System32\SHCORE.dll
0x00007ffc85bb0000 - 0x00007ffc85c0b000 	C:\WINDOWS\System32\shlwapi.dll
0x00007ffc84770000 - 0x00007ffc84794000 	C:\WINDOWS\SYSTEM32\profapi.dll
0x00007ffc7e8f0000 - 0x00007ffc7e907000 	C:\Users\admin\.jdks\openjdk-23.0.1\bin\zip.dll
0x00007ffc80240000 - 0x00007ffc80250000 	C:\Users\admin\.jdks\openjdk-23.0.1\bin\net.dll
0x00007ffc83820000 - 0x00007ffc8388a000 	C:\WINDOWS\system32\mswsock.dll
0x00007ffc7e910000 - 0x00007ffc7e926000 	C:\Users\admin\.jdks\openjdk-23.0.1\bin\nio.dll
0x00007ffc710e0000 - 0x00007ffc710fa000 	C:\Program Files\JetBrains\IntelliJ IDEA 2024.1.4\bin\breakgen64.dll
0x00007ffc79cd0000 - 0x00007ffc79cd9000 	C:\Users\admin\.jdks\openjdk-23.0.1\bin\extnet.dll
0x00007ffc83550000 - 0x00007ffc8361a000 	C:\WINDOWS\SYSTEM32\DNSAPI.dll
0x00007ffc83510000 - 0x00007ffc8354b000 	C:\WINDOWS\SYSTEM32\IPHLPAPI.DLL
0x00007ffc85430000 - 0x00007ffc85438000 	C:\WINDOWS\System32\NSI.dll
0x00007ffc7b2d0000 - 0x00007ffc7b2da000 	C:\Windows\System32\rasadhlp.dll
0x00007ffc74120000 - 0x00007ffc741a0000 	C:\WINDOWS\System32\fwpuclnt.dll
0x00007ffc7e8e0000 - 0x00007ffc7e8ea000 	C:\Users\admin\.jdks\openjdk-23.0.1\bin\management.dll
0x00007ffc79cf0000 - 0x00007ffc79cfb000 	C:\Users\admin\.jdks\openjdk-23.0.1\bin\management_ext.dll
0x00007ffc86fd0000 - 0x00007ffc86fd8000 	C:\WINDOWS\System32\PSAPI.DLL
0x00007ffc845b0000 - 0x00007ffc845c8000 	C:\WINDOWS\SYSTEM32\CRYPTSP.dll
0x00007ffc831b0000 - 0x00007ffc831e8000 	C:\WINDOWS\system32\rsaenh.dll
0x00007ffc846f0000 - 0x00007ffc8471e000 	C:\WINDOWS\SYSTEM32\USERENV.dll
0x00007ffc83b00000 - 0x00007ffc83b0c000 	C:\WINDOWS\SYSTEM32\CRYPTBASE.dll
0x00007ffc65940000 - 0x00007ffc65957000 	C:\WINDOWS\system32\napinsp.dll
0x00007ffc65920000 - 0x00007ffc6593b000 	C:\WINDOWS\system32\pnrpnsp.dll
0x00007ffc7e820000 - 0x00007ffc7e83d000 	C:\WINDOWS\system32\wshbth.dll
0x00007ffc7f8f0000 - 0x00007ffc7f90d000 	C:\WINDOWS\system32\NLAapi.dll
0x00007ffc646d0000 - 0x00007ffc646e2000 	C:\WINDOWS\System32\winrnr.dll
0x00007ffc7e8d0000 - 0x00007ffc7e8de000 	C:\Users\admin\.jdks\openjdk-23.0.1\bin\sunmscapi.dll
0x00007ffc84f50000 - 0x00007ffc850ad000 	C:\WINDOWS\System32\CRYPT32.dll
0x00007ffc83bb0000 - 0x00007ffc83bd7000 	C:\WINDOWS\SYSTEM32\ncrypt.dll
0x00007ffc83b70000 - 0x00007ffc83bab000 	C:\WINDOWS\SYSTEM32\NTASN1.dll
0x00007ffc71940000 - 0x00007ffc71950000 	C:\Users\admin\.jdks\openjdk-23.0.1\bin\verify.dll
0x00007ffc2aa30000 - 0x00007ffc2aa37000 	C:\WINDOWS\system32\wshunix.dll

dbghelp: loaded successfully - version: 4.0.5 - missing functions: none
symbol engine: initialized successfully - sym options: 0x614 - pdb path: .;C:\Users\admin\.jdks\openjdk-23.0.1\bin;C:\WINDOWS\SYSTEM32;C:\WINDOWS\WinSxS\amd64_microsoft.windows.common-controls_6595b64144ccf1df_6.0.19041.6456_none_60b8a6cb71f64256;C:\Users\admin\.jdks\openjdk-23.0.1\bin\server;C:\Program Files\JetBrains\IntelliJ IDEA 2024.1.4\bin

VM Arguments:
jvm_args: -XX:TieredStopAtLevel=1 -Dspring.output.ansi.enabled=always -Dcom.sun.management.jmxremote -Dspring.jmx.enabled=true -Dspring.liveBeansView.mbeanDomain -Dspring.application.admin.enabled=true -Dmanagement.endpoints.jmx.exposure.include=* -javaagent:C:\Program Files\JetBrains\IntelliJ IDEA 2024.1.4\lib\idea_rt.jar=57215:C:\Program Files\JetBrains\IntelliJ IDEA 2024.1.4\bin -Dfile.encoding=UTF-8 -Dsun.stdout.encoding=UTF-8 -Dsun.stderr.encoding=UTF-8 
java_command: bg.softuni.My_Inventory.MyInventoryApplication
java_class_path (initial): C:\Users\admin\IdeaProjects\My-Inventory\target\classes;C:\Users\admin\.m2\repository\org\springframework\boot\spring-boot-starter-data-jpa\3.4.0\spring-boot-starter-data-jpa-3.4.0.jar;C:\Users\admin\.m2\repository\org\springframework\boot\spring-boot-starter\3.4.0\spring-boot-starter-3.4.0.jar;C:\Users\admin\.m2\repository\org\springframework\boot\spring-boot\3.4.0\spring-boot-3.4.0.jar;C:\Users\admin\.m2\repository\org\springframework\boot\spring-boot-autoconfigure\3.4.0\spring-boot-autoconfigure-3.4.0.jar;C:\Users\admin\.m2\repository\org\springframework\boot\spring-boot-starter-logging\3.4.0\spring-boot-starter-logging-3.4.0.jar;C:\Users\admin\.m2\repository\ch\qos\logback\logback-classic\1.5.12\logback-classic-1.5.12.jar;C:\Users\admin\.m2\repository\ch\qos\logback\logback-core\1.5.12\logback-core-1.5.12.jar;C:\Users\admin\.m2\repository\org\apache\logging\log4j\log4j-to-slf4j\2.24.1\log4j-to-slf4j-2.24.1.jar;C:\Users\admin\.m2\repository\org\apache\logging\log4j\log4j-api\2.24.1\log4j-api-2.24.1.jar;C:\Users\admin\.m2\repository\org\slf4j\jul-to-slf4j\2.0.16\jul-to-slf4j-2.0.16.jar;C:\Users\admin\.m2\repository\jakarta\annotation\jakarta.annotation-api\2.1.1\jakarta.annotation-api-2.1.1.jar;C:\Users\admin\.m2\repository\org\yaml\snakeyaml\2.3\snakeyaml-2.3.jar;C:\Users\admin\.m2\repository\org\springframework\boot\spring-boot-starter-jdbc\3.4.0\spring-boot-starter-jdbc-3.4.0.jar;C:\Users\admin\.m2\repository\com\zaxxer\HikariCP\5.1.0\HikariCP-5.1.0.jar;C:\Users\admin\.m2\repository\org\springframework\spring-jdbc\6.2.0\spring-jdbc-6.2.0.jar;C:\Users\admin\.m2\repository\org\hibernate\orm\hibernate-core\6.6.2.Final\hibernate-core-6.6.2.Final.jar;C:\Users\admin\.m2\repository\jakarta\persistence\jakarta.persistence-api\3.1.0\jakarta.persistence-api-3.1.0.jar;C:\Users\admin\.m2\repository\jakarta\transaction\jakarta.transaction-api\2.0.1\jakarta.transaction-api-2.0.1.jar;C:\Users\admin\.m2\repository\org\jboss\logging\jboss-logging\3.6.1.Final\jboss-logging-3.6.1.Final.jar;C:\Users\admin\.m2\repository\org\hibernate\common\hibernate-commons-annotations\7.0.3.Final\hibernate-commons-annotations-7.0.3.Final.jar;C:\Users\admin\.m2\repository\io\smallrye\jandex\3.2.0\jandex-3.2.0.jar;C:\Users\admin\.m2\repository\com\fasterxml\classmate\1.7.0\classmate-1.7.0.jar;C:\Users\admin\.m2\repository\net\bytebuddy\byte-buddy\1.15.10\byte-buddy-1.15.10.jar;C:\Users\admin\.m2\repository\org\glassfish\jaxb\jaxb-runtime\4.0.5\jaxb-runtime-4.0.5.jar;C:\Users\admin\.m2\repository\org\glassfish\jaxb\jaxb-core\4.0.5\jaxb-core-4.0.5.jar;C:\Users\admin\.m2\repository\org\eclipse\angus\angus-activation\2.0.2\angus-activation-2.0.2.jar;C:\Users\admin\.m2\repository\org\glassfish\jaxb\txw2\4.0.5\txw2-4.0.5.jar;C:\Users\admin\.m2\repository\com\sun\istack\istack-commons-runtime\4.1.2\istack-commons-runtime-4.1.2.jar;C:\Users\admin\.m2\repository\jakarta\inject\jakarta.inject-api\2.0.1\jakarta.inject-api-2.0.1.jar;C:\Users\admin\.m2\repository\org\antlr\antlr4-runtime\4.13.0\antlr4-runtime-4.13.0.jar;C:\Users\admin\.m2\repository\org\springframework\data\spring-data-jpa\3.4.0\spring-data-jpa-3.4.0.jar;C:\Users\admin\.m2\repository\org\springframework\data\spring-data-commons\3.4.0\spring-data-commons-3.4.0.jar;C:\Users\admin\.m2\repository\org\springframework\spring-orm\6.2.0\spring-orm-6.2.0.jar;C:\Users\admin\.m2\repository\org\springframework\spring-context\6.2.0\spring-context-6.2.0.jar;C:\Users\admin\.m2\repository\org\springframework\spring-tx\6.2.0\spring-tx-6.2.0.jar;C:\Users\admin\.m2\repository\org\springframework\spring-beans\6.2.0\spring-beans-6.2.0.jar;C:\Users\admin\.m2\repository\org\springframework\spring-aspects\6.2.0\spring-aspects-6.2.0.jar;C:\Users\admin\.m2\repository\org\aspectj\aspectjweaver\1.9.22.1\aspectjweaver-1.9.22.1.jar;C:\Users\admin\.m2\repository\org\springframework\boot\spring-boot-starter-security\3.4.0\spring-boot-starter-security-3.4.0.jar;C:\Users\admin\.m2\repository\org\springframework\spring-aop\6.2.0\spring-aop-6.2.0.jar;C:\Users\admin\.m2\repository\org\springframework\security\spring-security-config\6.4.1\spring-security-config-6.4.1.jar;C:\Users\admin\.m2\repository\org\springframework\security\spring-security-web\6.4.1\spring-security-web-6.4.1.jar;C:\Users\admin\.m2\repository\org\springframework\spring-expression\6.2.0\spring-expression-6.2.0.jar;C:\Users\admin\.m2\repository\org\springframework\boot\spring-boot-starter-thymeleaf\3.4.0\spring-boot-starter-thymeleaf-3.4.0.jar;C:\Users\admin\.m2\repository\org\thymeleaf\thymeleaf-spring6\3.1.2.RELEASE\thymeleaf-spring6-3.1.2.RELEASE.jar;C:\Users\admin\.m2\repository\org\thymeleaf\thymeleaf\3.1.2.RELEASE\thymeleaf-3.1.2.RELEASE.jar;C:\Users\admin\.m2\repository\org\attoparser\attoparser\2.0.7.RELEASE\attoparser-2.0.7.RELEASE.jar;C:\Users\admin\.m2\repository\org\unbescape\unbescape\1.1.6.RELEASE\unbescape-1.1.6.RELEASE.jar;C:\Users\admin\.m2\repository\org\springframework\boot\spring-boot-starter-web\3.4.0\spring-boot-starter-web-3.4.0.jar;C:\Users\admin\.m2\repository\org\springframework\boot\spring-boot-starter-json\3.4.0\spring-boot-starter-json-3.4.0.jar;C:\Users\admin\.m2\repository\com\fasterxml\jackson\core\jackson-databind\2.18.1\jackson-databind-2.18.1.jar;C:\Users\admin\.m2\repository\com\fasterxml\jackson\core\jackson-annotations\2.18.1\jackson-annotations-2.18.1.jar;C:\Users\admin\.m2\repository\com\fasterxml\jackson\core\jackson-core\2.18.1\jackson-core-2.18.1.jar;C:\Users\admin\.m2\repository\com\fasterxml\jackson\datatype\jackson-datatype-jdk8\2.18.1\jackson-datatype-jdk8-2.18.1.jar;C:\Users\admin\.m2\repository\com\fasterxml\jackson\datatype\jackson-datatype-jsr310\2.18.1\jackson-datatype-jsr310-2.18.1.jar;C:\Users\admin\.m2\repository\com\fasterxml\jackson\module\jackson-module-parameter-names\2.18.1\jackson-module-parameter-names-2.18.1.jar;C:\Users\admin\.m2\repository\org\springframework\boot\spring-boot-starter-tomcat\3.4.0\spring-boot-starter-tomcat-3.4.0.jar;C:\Users\admin\.m2\repository\org\apache\tomcat\embed\tomcat-embed-core\10.1.33\tomcat-embed-core-10.1.33.jar;C:\Users\admin\.m2\repository\org\apache\tomcat\embed\tomcat-embed-websocket\10.1.33\tomcat-embed-websocket-10.1.33.jar;C:\Users\admin\.m2\repository\org\springframework\spring-web\6.2.0\spring-web-6.2.0.jar;C:\Users\admin\.m2\repository\io\micrometer\micrometer-observation\1.14.1\micrometer-observation-1.14.1.jar;C:\Users\admin\.m2\repository\io\micrometer\micrometer-commons\1.14.1\micrometer-commons-1.14.1.jar;C:\Users\admin\.m2\repository\org\springframework\spring-webmvc\6.2.0\spring-webmvc-6.2.0.jar;C:\Users\admin\.m2\repository\org\thymeleaf\extras\thymeleaf-extras-springsecurity6\3.1.3.RELEASE\thymeleaf-extras-springsecurity6-3.1.3.RELEASE.jar;C:\Users\admin\.m2\repository\org\slf4j\slf4j-api\2.0.16\slf4j-api-2.0.16.jar;C:\Users\admin\.m2\repository\org\projectlombok\lombok\1.18.42\lombok-1.18.42.jar;C:\Users\admin\.m2\repository\jakarta\xml\bind\jakarta.xml.bind-api\4.0.2\jakarta.xml.bind-api-4.0.2.jar;C:\Users\admin\.m2\repository\jakarta\activation\jakarta.activation-api\2.1.3\jakarta.activation-api-2.1.3.jar;C:\Users\admin\.m2\repository\org\springframework\spring-core\6.2.0\spring-core-6.2.0.jar;C:\Users\admin\.m2\repository\org\springframework\spring-jcl\6.2.0\spring-jcl-6.2.0.jar;C:\Users\admin\.m2\repository\org\springframework\security\spring-security-core\6.4.1\spring-security-core-6.4.1.jar;C:\Users\admin\.m2\repository\org\springframework\security\spring-security-crypto\6.4.1\spring-security-crypto-6.4.1.jar;C:\Users\admin\.m2\repository\org\springframework\boot\spring-boot-starter-validation\3.4.0\spring-boot-starter-validation-3.4.0.jar;C:\Users\admin\.m2\repository\org\apache\tomcat\embed\tomcat-embed-el\10.1.33\tomcat-embed-el-10.1.33.jar;C:\Users\admin\.m2\repository\org\hibernate\validator\hibernate-validator\8.0.1.Final\hibernate-validator-8.0.1.Final.jar;C:\Users\admin\.m2\repository\jakarta\validation\jakarta.validation-api\3.0.2\jakarta.validation-api-3.0.2.jar;C:\Users\admin\.m2\repository\com\mysql\mysql-connector-j\9.1.0\mysql-connector-j-9.1.0.jar
Launcher Type: SUN_STANDARD

[Global flags]
     intx CICompilerCount                          = 4                                         {product} {ergonomic}
     uint ConcGCThreads                            = 2                                         {product} {ergonomic}
     uint G1ConcRefinementThreads                  = 8                                         {product} {ergonomic}
   size_t G1HeapRegionSize                         = 4194304                                   {product} {ergonomic}
   size_t InitialHeapSize                          = 536870912                                 {product} {ergonomic}
     bool ManagementServer                         = true                                      {product} {command line}
   size_t MarkStackSize                            = 4194304                                   {product} {ergonomic}
   size_t MarkStackSizeMax                         = 536870912                                 {product} {ergonomic}
   size_t MaxHeapSize                              = 8560574464                                {product} {ergonomic}
   size_t MaxNewSize                               = 5133828096                                {product} {ergonomic}
   size_t MinHeapDeltaBytes                        = 4194304                                   {product} {ergonomic}
   size_t MinHeapSize                              = 8388608                                   {product} {ergonomic}
    uintx NonNMethodCodeHeapSize                   = 4096                                   {pd product} {ergonomic}
    uintx NonProfiledCodeHeapSize                  = 0                                      {pd product} {ergonomic}
     bool ProfileInterpreter                       = false                                  {pd product} {command line}
    uintx ProfiledCodeHeapSize                     = 0                                      {pd product} {ergonomic}
   size_t SoftMaxHeapSize                          = 8560574464                             {manageable} {ergonomic}
     intx TieredStopAtLevel                        = 1                                         {product} {command line}
     bool UseCompressedOops                        = true                           {product lp64_product} {ergonomic}
     bool UseG1GC                                  = true                                      {product} {ergonomic}
     bool UseLargePagesIndividualAllocation        = false                                  {pd product} {ergonomic}

Logging:
Log output configuration:
 #0: stdout all=warning uptime,level,tags foldmultilines=false
 #1: stderr all=off uptime,level,tags foldmultilines=false

Environment Variables:
PATH=C:\Program Files\Common Files\Oracle\Java\javapath;C:\Program Files (x86)\Common Files\Oracle\Java\javapath;C:\WINDOWS\system32;C:\WINDOWS;C:\WINDOWS\System32\Wbem;C:\WINDOWS\System32\WindowsPowerShell\v1.0\;C:\WINDOWS\System32\OpenSSH\;C:\Program Files (x86)\NVIDIA Corporation\PhysX\Common;C:\Program Files\NVIDIA Corporation\NVIDIA NvDLISR;C:\Program Files\Git\cmd;C:\Program Files\cursor\resources\app\bin;C:\Program Files\MySQL\MySQL Shell 8.0\bin\;C:\Users\admin\AppData\Local\Microsoft\WindowsApps;C:\Users\admin\AppData\Local\GitHubDesktop\bin
USERNAME=admin
OS=Windows_NT
PROCESSOR_IDENTIFIER=Intel64 Family 6 Model 60 Stepping 3, GenuineIntel
TMP=C:\Users\admin\AppData\Local\Temp
TEMP=C:\Users\admin\AppData\Local\Temp




Periodic native trim disabled

---------------  S Y S T E M  ---------------

OS:
 Windows 10 , 64 bit Build 19041 (10.0.19041.5915)
OS uptime: 1 days 1:13 hours

CPU: total 8 (initial active 8) (4 cores per cpu, 2 threads per core) family 6 model 60 stepping 3 microcode 0x27, cx8, cmov, fxsr, ht, mmx, sse, sse2, sse3, ssse3, sse4.1, sse4.2, popcnt, lzcnt, tsc, tscinvbit, avx, avx2, aes, erms, clmul, bmi1, bmi2, fma, vzeroupper, clflush, rdtscp, f16c
Processor Information for the first 8 processors :
  Max Mhz: 3601, Current Mhz: 3601, Mhz Limit: 3601

Memory: 4k page, system-wide physical 32640M (23363M free)
TotalPageFile size 37504M (AvailPageFile size 23233M)
current process WorkingSet (physical memory assigned to process): 216M, peak: 247M
current process commit charge ("private bytes"): 289M, peak: 642M

vm_info: OpenJDK 64-Bit Server VM (23.0.1+11-39) for windows-amd64 JRE (23.0.1+11-39), built on 2024-09-30T07:20:43Z with MS VC++ 17.6 (VS2022)

END.
